#! /usr/local/bin/vvp
:ivl_version "12.0 (stable)";
:ivl_delay_selection "TYPICAL";
:vpi_time_precision + 0;
:vpi_module "/usr/local/lib/ivl/system.vpi";
:vpi_module "/usr/local/lib/ivl/vhdl_sys.vpi";
:vpi_module "/usr/local/lib/ivl/vhdl_textio.vpi";
:vpi_module "/usr/local/lib/ivl/v2005_math.vpi";
:vpi_module "/usr/local/lib/ivl/va_math.vpi";
:vpi_module "/usr/local/lib/ivl/v2009.vpi";
S_0x3e7301d0 .scope package, "$unit" "$unit" 2 1;
 .timescale 0 0;
S_0x3e71d580 .scope module, "nor_gate3ip_tb" "nor_gate3ip_tb" 3 1;
 .timescale 0 0;
v0x3e759410_0 .var "a", 0 0;
v0x3e7594d0_0 .var "b", 0 0;
v0x3e7595a0_0 .var "c", 0 0;
v0x3e7596a0_0 .net "y", 0 0, L_0x3e7599c0;  1 drivers
S_0x3e71d710 .scope module, "uut" "nor_gate3ip" 3 5, 4 1 0, S_0x3e71d580;
 .timescale 0 0;
    .port_info 0 /INPUT 1 "a";
    .port_info 1 /INPUT 1 "b";
    .port_info 2 /INPUT 1 "c";
    .port_info 3 /OUTPUT 1 "y";
L_0x3e759770 .functor OR 1, v0x3e759410_0, v0x3e7594d0_0, C4<0>, C4<0>;
L_0x3e7598b0 .functor OR 1, L_0x3e759770, v0x3e7595a0_0, C4<0>, C4<0>;
L_0x3e7599c0 .functor NOT 1, L_0x3e7598b0, C4<0>, C4<0>, C4<0>;
v0x3e7424c0_0 .net *"_ivl_0", 0 0, L_0x3e759770;  1 drivers
v0x3e758f50_0 .net *"_ivl_2", 0 0, L_0x3e7598b0;  1 drivers
v0x3e759030_0 .net "a", 0 0, v0x3e759410_0;  1 drivers
v0x3e759100_0 .net "b", 0 0, v0x3e7594d0_0;  1 drivers
v0x3e7591c0_0 .net "c", 0 0, v0x3e7595a0_0;  1 drivers
v0x3e7592d0_0 .net "y", 0 0, L_0x3e7599c0;  alias, 1 drivers
    .scope S_0x3e71d580;
T_0 ;
    %vpi_call/w 3 13 "$display", "A B C | Y" {0 0 0};
    %pushi/vec4 0, 0, 1;
    %store/vec4 v0x3e759410_0, 0, 1;
    %pushi/vec4 0, 0, 1;
    %store/vec4 v0x3e7594d0_0, 0, 1;
    %pushi/vec4 0, 0, 1;
    %store/vec4 v0x3e7595a0_0, 0, 1;
    %delay 20, 0;
    %pushi/vec4 0, 0, 1;
    %store/vec4 v0x3e759410_0, 0, 1;
    %pushi/vec4 0, 0, 1;
    %store/vec4 v0x3e7594d0_0, 0, 1;
    %pushi/vec4 1, 0, 1;
    %store/vec4 v0x3e7595a0_0, 0, 1;
    %delay 20, 0;
    %pushi/vec4 0, 0, 1;
    %store/vec4 v0x3e759410_0, 0, 1;
    %pushi/vec4 1, 0, 1;
    %store/vec4 v0x3e7594d0_0, 0, 1;
    %pushi/vec4 0, 0, 1;
    %store/vec4 v0x3e7595a0_0, 0, 1;
    %delay 20, 0;
    %pushi/vec4 0, 0, 1;
    %store/vec4 v0x3e759410_0, 0, 1;
    %pushi/vec4 1, 0, 1;
    %store/vec4 v0x3e7594d0_0, 0, 1;
    %pushi/vec4 1, 0, 1;
    %store/vec4 v0x3e7595a0_0, 0, 1;
    %delay 20, 0;
    %pushi/vec4 1, 0, 1;
    %store/vec4 v0x3e759410_0, 0, 1;
    %pushi/vec4 0, 0, 1;
    %store/vec4 v0x3e7594d0_0, 0, 1;
    %pushi/vec4 0, 0, 1;
    %store/vec4 v0x3e7595a0_0, 0, 1;
    %delay 20, 0;
    %pushi/vec4 1, 0, 1;
    %store/vec4 v0x3e759410_0, 0, 1;
    %pushi/vec4 0, 0, 1;
    %store/vec4 v0x3e7594d0_0, 0, 1;
    %pushi/vec4 1, 0, 1;
    %store/vec4 v0x3e7595a0_0, 0, 1;
    %delay 20, 0;
    %pushi/vec4 1, 0, 1;
    %store/vec4 v0x3e759410_0, 0, 1;
    %pushi/vec4 1, 0, 1;
    %store/vec4 v0x3e7594d0_0, 0, 1;
    %pushi/vec4 0, 0, 1;
    %store/vec4 v0x3e7595a0_0, 0, 1;
    %delay 20, 0;
    %pushi/vec4 1, 0, 1;
    %store/vec4 v0x3e759410_0, 0, 1;
    %pushi/vec4 1, 0, 1;
    %store/vec4 v0x3e7594d0_0, 0, 1;
    %pushi/vec4 1, 0, 1;
    %store/vec4 v0x3e7595a0_0, 0, 1;
    %delay 20, 0;
    %vpi_call/w 3 22 "$finish" {0 0 0};
    %end;
    .thread T_0;
    .scope S_0x3e71d580;
T_1 ;
    %vpi_call/w 3 26 "$monitor", "At time %t: a=%b, b=%b, c=%b, y=%b", $time, v0x3e759410_0, v0x3e7594d0_0, v0x3e7595a0_0, v0x3e7596a0_0 {0 0 0};
    %end;
    .thread T_1;
    .scope S_0x3e71d580;
T_2 ;
    %vpi_call/w 3 30 "$dumpfile", "nor_gate3ip.vcd" {0 0 0};
    %vpi_call/w 3 31 "$dumpvars", 32'sb00000000000000000000000000000000, S_0x3e71d580 {0 0 0};
    %end;
    .thread T_2;
# The file index is used to find the file name in the following table.
:file_names 5;
    "N/A";
    "<interactive>";
    "-";
    "testbench.sv";
    "design.sv";
