#! /usr/local/bin/vvp
:ivl_version "12.0 (stable)";
:ivl_delay_selection "TYPICAL";
:vpi_time_precision - 12;
:vpi_module "/usr/local/lib/ivl/system.vpi";
:vpi_module "/usr/local/lib/ivl/vhdl_sys.vpi";
:vpi_module "/usr/local/lib/ivl/vhdl_textio.vpi";
:vpi_module "/usr/local/lib/ivl/v2005_math.vpi";
:vpi_module "/usr/local/lib/ivl/va_math.vpi";
:vpi_module "/usr/local/lib/ivl/v2009.vpi";
S_0x3ad3e300 .scope package, "$unit" "$unit" 2 1;
 .timescale 0 0;
S_0x3ad3de90 .scope module, "bcd2graytb" "bcd2graytb" 3 1;
 .timescale -9 -12;
v0x3ad65a80_0 .net *"_ivl_6", 3 0, v0x3ad65eb0_0;  1 drivers
v0x3ad65b80_0 .net "b0", 0 0, L_0x3ad66690;  1 drivers
v0x3ad65c40_0 .net "b1", 0 0, L_0x3ad665a0;  1 drivers
v0x3ad65d40_0 .net "b2", 0 0, L_0x3ad66460;  1 drivers
v0x3ad65e10_0 .net "b3", 0 0, L_0x3ad663c0;  1 drivers
v0x3ad65eb0_0 .var "bcd", 3 0;
v0x3ad65f50_0 .net "g0", 0 0, L_0x3ad66b40;  1 drivers
v0x3ad66020_0 .net "g1", 0 0, L_0x3ad66a40;  1 drivers
v0x3ad660f0_0 .net "g2", 0 0, L_0x3ad668f0;  1 drivers
v0x3ad66250_0 .net "g3", 0 0, L_0x3ad66880;  1 drivers
v0x3ad66320_0 .var/i "i", 31 0;
L_0x3ad663c0 .part v0x3ad65eb0_0, 3, 1;
L_0x3ad66460 .part v0x3ad65eb0_0, 2, 1;
L_0x3ad665a0 .part v0x3ad65eb0_0, 1, 1;
L_0x3ad66690 .part v0x3ad65eb0_0, 0, 1;
S_0x3ad3da90 .scope module, "uut" "bcd2gray" 3 8, 4 2 0, S_0x3ad3de90;
 .timescale -9 -12;
    .port_info 0 /INPUT 1 "b3";
    .port_info 1 /INPUT 1 "b2";
    .port_info 2 /INPUT 1 "b1";
    .port_info 3 /INPUT 1 "b0";
    .port_info 4 /OUTPUT 1 "g3";
    .port_info 5 /OUTPUT 1 "g2";
    .port_info 6 /OUTPUT 1 "g1";
    .port_info 7 /OUTPUT 1 "g0";
L_0x3ad66880 .functor BUFZ 1, L_0x3ad663c0, C4<0>, C4<0>, C4<0>;
L_0x3ad668f0 .functor XOR 1, L_0x3ad663c0, L_0x3ad66460, C4<0>, C4<0>;
L_0x3ad66a40 .functor XOR 1, L_0x3ad66460, L_0x3ad665a0, C4<0>, C4<0>;
L_0x3ad66b40 .functor XOR 1, L_0x3ad665a0, L_0x3ad66690, C4<0>, C4<0>;
v0x3ad4ec60_0 .net "b0", 0 0, L_0x3ad66690;  alias, 1 drivers
v0x3ad65390_0 .net "b1", 0 0, L_0x3ad665a0;  alias, 1 drivers
v0x3ad65450_0 .net "b2", 0 0, L_0x3ad66460;  alias, 1 drivers
v0x3ad65520_0 .net "b3", 0 0, L_0x3ad663c0;  alias, 1 drivers
v0x3ad655e0_0 .net "g0", 0 0, L_0x3ad66b40;  alias, 1 drivers
v0x3ad656f0_0 .net "g1", 0 0, L_0x3ad66a40;  alias, 1 drivers
v0x3ad657b0_0 .net "g2", 0 0, L_0x3ad668f0;  alias, 1 drivers
v0x3ad65870_0 .net "g3", 0 0, L_0x3ad66880;  alias, 1 drivers
    .scope S_0x3ad3de90;
T_0 ;
    %pushi/vec4 0, 0, 32;
    %store/vec4 v0x3ad66320_0, 0, 32;
T_0.0 ;
    %load/vec4 v0x3ad66320_0;
    %cmpi/s 10, 0, 32;
    %jmp/0xz T_0.1, 5;
    %load/vec4 v0x3ad66320_0;
    %pad/s 4;
    %store/vec4 v0x3ad65eb0_0, 0, 4;
    %delay 10000, 0;
    %load/vec4 v0x3ad66320_0;
    %addi 1, 0, 32;
    %store/vec4 v0x3ad66320_0, 0, 32;
    %jmp T_0.0;
T_0.1 ;
    %vpi_call/w 3 24 "$finish" {0 0 0};
    %end;
    .thread T_0;
    .scope S_0x3ad3de90;
T_1 ;
    %vpi_call/w 3 28 "$monitor", "At time %0t: b3=%b, b2=%b, b1=%b, b0=%b --> g3 = %b, g2=%b, g1=%b, g0=%b", $time, v0x3ad65e10_0, v0x3ad65d40_0, v0x3ad65c40_0, v0x3ad65b80_0, v0x3ad66250_0, v0x3ad660f0_0, v0x3ad66020_0, v0x3ad65f50_0 {0 0 0};
    %end;
    .thread T_1;
    .scope S_0x3ad3de90;
T_2 ;
    %vpi_call/w 3 32 "$dumpfile", "bcd2gray.vcd" {0 0 0};
    %vpi_call/w 3 33 "$dumpvars", 32'sb00000000000000000000000000000000, S_0x3ad3de90 {0 0 0};
    %end;
    .thread T_2;
# The file index is used to find the file name in the following table.
:file_names 5;
    "N/A";
    "<interactive>";
    "-";
    "testbench.sv";
    "design.sv";
