#! /usr/local/bin/vvp
:ivl_version "12.0 (stable)";
:ivl_delay_selection "TYPICAL";
:vpi_time_precision - 12;
:vpi_module "/usr/local/lib/ivl/system.vpi";
:vpi_module "/usr/local/lib/ivl/vhdl_sys.vpi";
:vpi_module "/usr/local/lib/ivl/vhdl_textio.vpi";
:vpi_module "/usr/local/lib/ivl/v2005_math.vpi";
:vpi_module "/usr/local/lib/ivl/va_math.vpi";
:vpi_module "/usr/local/lib/ivl/v2009.vpi";
S_0x2a6c5c50 .scope package, "$unit" "$unit" 2 1;
 .timescale 0 0;
S_0x2a6b2580 .scope module, "and_thru_nortb" "and_thru_nortb" 3 1;
 .timescale -9 -12;
v0x2a6ef2a0_0 .var "p", 0 0;
v0x2a6ef360_0 .var "q", 0 0;
v0x2a6ef430_0 .var "r", 0 0;
v0x2a6ef530_0 .net "s", 0 0, L_0x2a6efa40;  1 drivers
S_0x2a6b2710 .scope module, "uut" "and_thru_nor" 3 5, 4 2 0, S_0x2a6b2580;
 .timescale -9 -12;
    .port_info 0 /INPUT 1 "a";
    .port_info 1 /INPUT 1 "b";
    .port_info 2 /INPUT 1 "c";
    .port_info 3 /OUTPUT 1 "y";
L_0x2a6ef600 .functor NOT 1, v0x2a6ef2a0_0, C4<0>, C4<0>, C4<0>;
L_0x2a6ef6a0 .functor NOT 1, v0x2a6ef360_0, C4<0>, C4<0>, C4<0>;
L_0x2a6ef760 .functor OR 1, L_0x2a6ef600, L_0x2a6ef6a0, C4<0>, C4<0>;
L_0x2a6ef870 .functor NOT 1, v0x2a6ef430_0, C4<0>, C4<0>, C4<0>;
L_0x2a6ef930 .functor OR 1, L_0x2a6ef760, L_0x2a6ef870, C4<0>, C4<0>;
L_0x2a6efa40 .functor NOT 1, L_0x2a6ef930, C4<0>, C4<0>, C4<0>;
v0x2a6d75b0_0 .net *"_ivl_0", 0 0, L_0x2a6ef600;  1 drivers
v0x2a6eeab0_0 .net *"_ivl_2", 0 0, L_0x2a6ef6a0;  1 drivers
v0x2a6eeb90_0 .net *"_ivl_4", 0 0, L_0x2a6ef760;  1 drivers
v0x2a6eec80_0 .net *"_ivl_6", 0 0, L_0x2a6ef870;  1 drivers
v0x2a6eed60_0 .net *"_ivl_8", 0 0, L_0x2a6ef930;  1 drivers
v0x2a6eee90_0 .net "a", 0 0, v0x2a6ef2a0_0;  1 drivers
v0x2a6eef50_0 .net "b", 0 0, v0x2a6ef360_0;  1 drivers
v0x2a6ef010_0 .net "c", 0 0, v0x2a6ef430_0;  1 drivers
v0x2a6ef0d0_0 .net "y", 0 0, L_0x2a6efa40;  alias, 1 drivers
    .scope S_0x2a6b2580;
T_0 ;
    %vpi_call/w 3 13 "$display", "A | B | C" {0 0 0};
    %pushi/vec4 0, 0, 1;
    %store/vec4 v0x2a6ef2a0_0, 0, 1;
    %pushi/vec4 0, 0, 1;
    %store/vec4 v0x2a6ef360_0, 0, 1;
    %pushi/vec4 0, 0, 1;
    %store/vec4 v0x2a6ef430_0, 0, 1;
    %delay 10000, 0;
    %pushi/vec4 0, 0, 1;
    %store/vec4 v0x2a6ef2a0_0, 0, 1;
    %pushi/vec4 0, 0, 1;
    %store/vec4 v0x2a6ef360_0, 0, 1;
    %pushi/vec4 1, 0, 1;
    %store/vec4 v0x2a6ef430_0, 0, 1;
    %delay 10000, 0;
    %pushi/vec4 0, 0, 1;
    %store/vec4 v0x2a6ef2a0_0, 0, 1;
    %pushi/vec4 1, 0, 1;
    %store/vec4 v0x2a6ef360_0, 0, 1;
    %pushi/vec4 0, 0, 1;
    %store/vec4 v0x2a6ef430_0, 0, 1;
    %delay 10000, 0;
    %pushi/vec4 0, 0, 1;
    %store/vec4 v0x2a6ef2a0_0, 0, 1;
    %pushi/vec4 1, 0, 1;
    %store/vec4 v0x2a6ef360_0, 0, 1;
    %pushi/vec4 1, 0, 1;
    %store/vec4 v0x2a6ef430_0, 0, 1;
    %delay 10000, 0;
    %pushi/vec4 1, 0, 1;
    %store/vec4 v0x2a6ef2a0_0, 0, 1;
    %pushi/vec4 0, 0, 1;
    %store/vec4 v0x2a6ef360_0, 0, 1;
    %pushi/vec4 0, 0, 1;
    %store/vec4 v0x2a6ef430_0, 0, 1;
    %delay 10000, 0;
    %pushi/vec4 1, 0, 1;
    %store/vec4 v0x2a6ef2a0_0, 0, 1;
    %pushi/vec4 0, 0, 1;
    %store/vec4 v0x2a6ef360_0, 0, 1;
    %pushi/vec4 1, 0, 1;
    %store/vec4 v0x2a6ef430_0, 0, 1;
    %delay 10000, 0;
    %pushi/vec4 1, 0, 1;
    %store/vec4 v0x2a6ef2a0_0, 0, 1;
    %pushi/vec4 1, 0, 1;
    %store/vec4 v0x2a6ef360_0, 0, 1;
    %pushi/vec4 0, 0, 1;
    %store/vec4 v0x2a6ef430_0, 0, 1;
    %delay 10000, 0;
    %pushi/vec4 1, 0, 1;
    %store/vec4 v0x2a6ef2a0_0, 0, 1;
    %pushi/vec4 1, 0, 1;
    %store/vec4 v0x2a6ef360_0, 0, 1;
    %pushi/vec4 1, 0, 1;
    %store/vec4 v0x2a6ef430_0, 0, 1;
    %delay 10000, 0;
    %vpi_call/w 3 22 "$finish" {0 0 0};
    %end;
    .thread T_0;
    .scope S_0x2a6b2580;
T_1 ;
    %vpi_call/w 3 26 "$monitor", "At time %t: a=%b, b=%b, c=%b, y=%b", $time, v0x2a6ef2a0_0, v0x2a6ef360_0, v0x2a6ef430_0, v0x2a6ef530_0 {0 0 0};
    %end;
    .thread T_1;
    .scope S_0x2a6b2580;
T_2 ;
    %vpi_call/w 3 30 "$dumpfile", "and_thru_nor.vcd" {0 0 0};
    %vpi_call/w 3 31 "$dumpvars", 32'sb00000000000000000000000000000000, S_0x2a6b2580 {0 0 0};
    %end;
    .thread T_2;
# The file index is used to find the file name in the following table.
:file_names 5;
    "N/A";
    "<interactive>";
    "-";
    "testbench.sv";
    "design.sv";
