#! /usr/local/bin/vvp
:ivl_version "12.0 (stable)";
:ivl_delay_selection "TYPICAL";
:vpi_time_precision + 0;
:vpi_module "/usr/local/lib/ivl/system.vpi";
:vpi_module "/usr/local/lib/ivl/vhdl_sys.vpi";
:vpi_module "/usr/local/lib/ivl/vhdl_textio.vpi";
:vpi_module "/usr/local/lib/ivl/v2005_math.vpi";
:vpi_module "/usr/local/lib/ivl/va_math.vpi";
:vpi_module "/usr/local/lib/ivl/v2009.vpi";
S_0x16c20e00 .scope package, "$unit" "$unit" 2 1;
 .timescale 0 0;
S_0x16c0e580 .scope module, "xnor_3ip_tb" "xnor_3ip_tb" 3 1;
 .timescale 0 0;
v0x16c49f80_0 .var "a", 0 0;
v0x16c4a040_0 .var "b", 0 0;
v0x16c4a110_0 .var "c", 0 0;
v0x16c4a210_0 .net "y", 0 0, L_0x16c4a420;  1 drivers
S_0x16c0e710 .scope module, "uut" "xnor_3ip" 3 5, 4 1 0, S_0x16c0e580;
 .timescale 0 0;
    .port_info 0 /INPUT 1 "a";
    .port_info 1 /INPUT 1 "b";
    .port_info 2 /INPUT 1 "c";
    .port_info 3 /OUTPUT 1 "y";
L_0x16c4a2e0 .functor XNOR 1, v0x16c49f80_0, v0x16c4a040_0, C4<0>, C4<0>;
L_0x16c4a420 .functor XNOR 1, L_0x16c4a2e0, v0x16c4a110_0, C4<0>, C4<0>;
v0x16c33480_0 .net *"_ivl_0", 0 0, L_0x16c4a2e0;  1 drivers
v0x16c49ba0_0 .net "a", 0 0, v0x16c49f80_0;  1 drivers
v0x16c49c60_0 .net "b", 0 0, v0x16c4a040_0;  1 drivers
v0x16c49d30_0 .net "c", 0 0, v0x16c4a110_0;  1 drivers
v0x16c49df0_0 .net "y", 0 0, L_0x16c4a420;  alias, 1 drivers
    .scope S_0x16c0e580;
T_0 ;
    %vpi_call/w 3 13 "$display", "A ~^ B ~^ C = Y" {0 0 0};
    %pushi/vec4 0, 0, 1;
    %store/vec4 v0x16c49f80_0, 0, 1;
    %pushi/vec4 0, 0, 1;
    %store/vec4 v0x16c4a040_0, 0, 1;
    %pushi/vec4 0, 0, 1;
    %store/vec4 v0x16c4a110_0, 0, 1;
    %delay 10, 0;
    %pushi/vec4 0, 0, 1;
    %store/vec4 v0x16c49f80_0, 0, 1;
    %pushi/vec4 0, 0, 1;
    %store/vec4 v0x16c4a040_0, 0, 1;
    %pushi/vec4 1, 0, 1;
    %store/vec4 v0x16c4a110_0, 0, 1;
    %delay 10, 0;
    %pushi/vec4 0, 0, 1;
    %store/vec4 v0x16c49f80_0, 0, 1;
    %pushi/vec4 1, 0, 1;
    %store/vec4 v0x16c4a040_0, 0, 1;
    %pushi/vec4 0, 0, 1;
    %store/vec4 v0x16c4a110_0, 0, 1;
    %delay 10, 0;
    %pushi/vec4 0, 0, 1;
    %store/vec4 v0x16c49f80_0, 0, 1;
    %pushi/vec4 1, 0, 1;
    %store/vec4 v0x16c4a040_0, 0, 1;
    %pushi/vec4 1, 0, 1;
    %store/vec4 v0x16c4a110_0, 0, 1;
    %delay 10, 0;
    %pushi/vec4 1, 0, 1;
    %store/vec4 v0x16c49f80_0, 0, 1;
    %pushi/vec4 0, 0, 1;
    %store/vec4 v0x16c4a040_0, 0, 1;
    %pushi/vec4 0, 0, 1;
    %store/vec4 v0x16c4a110_0, 0, 1;
    %delay 10, 0;
    %pushi/vec4 1, 0, 1;
    %store/vec4 v0x16c49f80_0, 0, 1;
    %pushi/vec4 0, 0, 1;
    %store/vec4 v0x16c4a040_0, 0, 1;
    %pushi/vec4 1, 0, 1;
    %store/vec4 v0x16c4a110_0, 0, 1;
    %delay 10, 0;
    %pushi/vec4 1, 0, 1;
    %store/vec4 v0x16c49f80_0, 0, 1;
    %pushi/vec4 1, 0, 1;
    %store/vec4 v0x16c4a040_0, 0, 1;
    %pushi/vec4 0, 0, 1;
    %store/vec4 v0x16c4a110_0, 0, 1;
    %delay 10, 0;
    %pushi/vec4 1, 0, 1;
    %store/vec4 v0x16c49f80_0, 0, 1;
    %pushi/vec4 1, 0, 1;
    %store/vec4 v0x16c4a040_0, 0, 1;
    %pushi/vec4 1, 0, 1;
    %store/vec4 v0x16c4a110_0, 0, 1;
    %delay 10, 0;
    %vpi_call/w 3 22 "$finish" {0 0 0};
    %end;
    .thread T_0;
    .scope S_0x16c0e580;
T_1 ;
    %vpi_call/w 3 26 "$monitor", "At time %t : a=%b,b=%b,c=%b,y=%b", $time, v0x16c49f80_0, v0x16c4a040_0, v0x16c4a110_0, v0x16c4a210_0 {0 0 0};
    %end;
    .thread T_1;
    .scope S_0x16c0e580;
T_2 ;
    %vpi_call/w 3 30 "$dumpfile", "xnor_gate.vcd" {0 0 0};
    %vpi_call/w 3 31 "$dumpvars", 32'sb00000000000000000000000000000000, S_0x16c0e580 {0 0 0};
    %end;
    .thread T_2;
# The file index is used to find the file name in the following table.
:file_names 5;
    "N/A";
    "<interactive>";
    "-";
    "testbench.sv";
    "design.sv";
