#! /usr/local/bin/vvp
:ivl_version "12.0 (stable)";
:ivl_delay_selection "TYPICAL";
:vpi_time_precision + 0;
:vpi_module "/usr/local/lib/ivl/system.vpi";
:vpi_module "/usr/local/lib/ivl/vhdl_sys.vpi";
:vpi_module "/usr/local/lib/ivl/vhdl_textio.vpi";
:vpi_module "/usr/local/lib/ivl/v2005_math.vpi";
:vpi_module "/usr/local/lib/ivl/va_math.vpi";
:vpi_module "/usr/local/lib/ivl/v2009.vpi";
S_0x19dfbe00 .scope package, "$unit" "$unit" 2 1;
 .timescale 0 0;
S_0x19de9580 .scope module, "xor_3ip_tb" "xor_3ip_tb" 3 1;
 .timescale 0 0;
v0x19e24f40_0 .var "a", 0 0;
v0x19e25000_0 .var "b", 0 0;
v0x19e250d0_0 .var "c", 0 0;
v0x19e251d0_0 .net "y", 0 0, L_0x19e253e0;  1 drivers
S_0x19de9710 .scope module, "uut" "xor_3ip" 3 5, 4 1 0, S_0x19de9580;
 .timescale 0 0;
    .port_info 0 /INPUT 1 "a";
    .port_info 1 /INPUT 1 "b";
    .port_info 2 /INPUT 1 "c";
    .port_info 3 /OUTPUT 1 "y";
L_0x19e252a0 .functor XOR 1, v0x19e24f40_0, v0x19e25000_0, C4<0>, C4<0>;
L_0x19e253e0 .functor XOR 1, L_0x19e252a0, v0x19e250d0_0, C4<0>, C4<0>;
v0x19e0e480_0 .net *"_ivl_0", 0 0, L_0x19e252a0;  1 drivers
v0x19e24b60_0 .net "a", 0 0, v0x19e24f40_0;  1 drivers
v0x19e24c20_0 .net "b", 0 0, v0x19e25000_0;  1 drivers
v0x19e24cf0_0 .net "c", 0 0, v0x19e250d0_0;  1 drivers
v0x19e24db0_0 .net "y", 0 0, L_0x19e253e0;  alias, 1 drivers
    .scope S_0x19de9580;
T_0 ;
    %vpi_call/w 3 13 "$display", "A ^ B ^ C = Y" {0 0 0};
    %pushi/vec4 0, 0, 1;
    %store/vec4 v0x19e24f40_0, 0, 1;
    %pushi/vec4 0, 0, 1;
    %store/vec4 v0x19e25000_0, 0, 1;
    %pushi/vec4 0, 0, 1;
    %store/vec4 v0x19e250d0_0, 0, 1;
    %delay 10, 0;
    %pushi/vec4 0, 0, 1;
    %store/vec4 v0x19e24f40_0, 0, 1;
    %pushi/vec4 0, 0, 1;
    %store/vec4 v0x19e25000_0, 0, 1;
    %pushi/vec4 1, 0, 1;
    %store/vec4 v0x19e250d0_0, 0, 1;
    %delay 10, 0;
    %pushi/vec4 0, 0, 1;
    %store/vec4 v0x19e24f40_0, 0, 1;
    %pushi/vec4 1, 0, 1;
    %store/vec4 v0x19e25000_0, 0, 1;
    %pushi/vec4 0, 0, 1;
    %store/vec4 v0x19e250d0_0, 0, 1;
    %delay 10, 0;
    %pushi/vec4 0, 0, 1;
    %store/vec4 v0x19e24f40_0, 0, 1;
    %pushi/vec4 1, 0, 1;
    %store/vec4 v0x19e25000_0, 0, 1;
    %pushi/vec4 1, 0, 1;
    %store/vec4 v0x19e250d0_0, 0, 1;
    %delay 10, 0;
    %pushi/vec4 1, 0, 1;
    %store/vec4 v0x19e24f40_0, 0, 1;
    %pushi/vec4 0, 0, 1;
    %store/vec4 v0x19e25000_0, 0, 1;
    %pushi/vec4 0, 0, 1;
    %store/vec4 v0x19e250d0_0, 0, 1;
    %delay 10, 0;
    %pushi/vec4 1, 0, 1;
    %store/vec4 v0x19e24f40_0, 0, 1;
    %pushi/vec4 0, 0, 1;
    %store/vec4 v0x19e25000_0, 0, 1;
    %pushi/vec4 1, 0, 1;
    %store/vec4 v0x19e250d0_0, 0, 1;
    %delay 10, 0;
    %pushi/vec4 1, 0, 1;
    %store/vec4 v0x19e24f40_0, 0, 1;
    %pushi/vec4 1, 0, 1;
    %store/vec4 v0x19e25000_0, 0, 1;
    %pushi/vec4 0, 0, 1;
    %store/vec4 v0x19e250d0_0, 0, 1;
    %delay 10, 0;
    %pushi/vec4 1, 0, 1;
    %store/vec4 v0x19e24f40_0, 0, 1;
    %pushi/vec4 1, 0, 1;
    %store/vec4 v0x19e25000_0, 0, 1;
    %pushi/vec4 1, 0, 1;
    %store/vec4 v0x19e250d0_0, 0, 1;
    %delay 10, 0;
    %vpi_call/w 3 22 "$finish" {0 0 0};
    %end;
    .thread T_0;
    .scope S_0x19de9580;
T_1 ;
    %vpi_call/w 3 26 "$monitor", "At time %t : a=%b,b=%b,c=%b,y=%b", $time, v0x19e24f40_0, v0x19e25000_0, v0x19e250d0_0, v0x19e251d0_0 {0 0 0};
    %end;
    .thread T_1;
    .scope S_0x19de9580;
T_2 ;
    %vpi_call/w 3 30 "$dumpfile", "xor_gate.vcd" {0 0 0};
    %vpi_call/w 3 31 "$dumpvars", 32'sb00000000000000000000000000000000, S_0x19de9580 {0 0 0};
    %end;
    .thread T_2;
# The file index is used to find the file name in the following table.
:file_names 5;
    "N/A";
    "<interactive>";
    "-";
    "testbench.sv";
    "design.sv";
